This file contains any messages produced by compilers while
running configure, to aid debugging if configure makes a mistake.

It was created by epdfinfo configure 1.0, which was
generated by GNU Autoconf 2.71.  Invocation command line was

  $ ./configure -q --bindir=/home/luis/.emacs.d/straight/build/pdf-tools/

## --------- ##
## Platform. ##
## --------- ##

hostname = luis-ThinkPad-P40-Yoga
uname -m = x86_64
uname -r = 5.15.0-53-generic
uname -s = Linux
uname -v = #59-Ubuntu SMP Mon Oct 17 18:53:30 UTC 2022

/usr/bin/uname -p = x86_64
/bin/uname -X     = unknown

/bin/arch              = x86_64
/usr/bin/arch -k       = unknown
/usr/convex/getsysinfo = unknown
/usr/bin/hostinfo      = unknown
/bin/machine           = unknown
/usr/bin/oslevel       = unknown
/bin/universe          = unknown

PATH: /home/luis/.local/bin/
PATH: /usr/local/sbin/
PATH: /usr/local/bin/
PATH: /usr/sbin/
PATH: /usr/bin/
PATH: /sbin/
PATH: /bin/
PATH: /usr/games/
PATH: /usr/local/games/
PATH: /snap/bin/
PATH: /snap/emacs/current/usr/bin/


## ----------- ##
## Core tests. ##
## ----------- ##

configure:2444: looking for aux files: config.guess config.sub ar-lib compile missing install-sh
configure:2457:  trying ./
configure:2486:   ./config.guess found
configure:2486:   ./config.sub found
configure:2486:   ./ar-lib found
configure:2486:   ./compile found
configure:2486:   ./missing found
configure:2468:   ./install-sh found
configure:2615: checking for a BSD-compatible install
configure:2688: result: /usr/bin/install -c
configure:2699: checking whether build environment is sane
configure:2754: result: yes
configure:2913: checking for a race-free mkdir -p
configure:2957: result: /usr/bin/mkdir -p
configure:2964: checking for gawk
configure:2985: found /usr/bin/gawk
configure:2996: result: gawk
configure:3007: checking whether make sets $(MAKE)
configure:3030: result: yes
configure:3060: checking whether make supports nested variables
configure:3078: result: yes
configure:3281: checking for gcc
configure:3302: found /usr/bin/gcc
configure:3313: result: gcc
configure:3666: checking for C compiler version
configure:3675: gcc --version >&5
gcc (Ubuntu 11.3.0-1ubuntu1~22.04) 11.3.0
Copyright (C) 2021 Free Software Foundation, Inc.
This is free software; see the source for copying conditions.  There is NO
warranty; not even for MERCHANTABILITY or FITNESS FOR A PARTICULAR PURPOSE.

configure:3686: $? = 0
configure:3675: gcc -v >&5
Using built-in specs.
COLLECT_GCC=gcc
COLLECT_LTO_WRAPPER=/usr/lib/gcc/x86_64-linux-gnu/11/lto-wrapper
OFFLOAD_TARGET_NAMES=nvptx-none:amdgcn-amdhsa
OFFLOAD_TARGET_DEFAULT=1
Target: x86_64-linux-gnu
Configured with: ../src/configure -v --with-pkgversion='Ubuntu 11.3.0-1ubuntu1~22.04' --with-bugurl=file:///usr/share/doc/gcc-11/README.Bugs --enable-languages=c,ada,c++,go,brig,d,fortran,objc,obj-c++,m2 --prefix=/usr --with-gcc-major-version-only --program-suffix=-11 --program-prefix=x86_64-linux-gnu- --enable-shared --enable-linker-build-id --libexecdir=/usr/lib --without-included-gettext --enable-threads=posix --libdir=/usr/lib --enable-nls --enable-bootstrap --enable-clocale=gnu --enable-libstdcxx-debug --enable-libstdcxx-time=yes --with-default-libstdcxx-abi=new --enable-gnu-unique-object --disable-vtable-verify --enable-plugin --enable-default-pie --with-system-zlib --enable-libphobos-checking=release --with-target-system-zlib=auto --enable-objc-gc=auto --enable-multiarch --disable-werror --enable-cet --with-arch-32=i686 --with-abi=m64 --with-multilib-list=m32,m64,mx32 --enable-multilib --with-tune=generic --enable-offload-targets=nvptx-none=/build/gcc-11-xKiWfi/gcc-11-11.3.0/debian/tmp-nvptx/usr,amdgcn-amdhsa=/build/gcc-11-xKiWfi/gcc-11-11.3.0/debian/tmp-gcn/usr --without-cuda-driver --enable-checking=release --build=x86_64-linux-gnu --host=x86_64-linux-gnu --target=x86_64-linux-gnu --with-build-config=bootstrap-lto-lean --enable-link-serialization=2
Thread model: posix
Supported LTO compression algorithms: zlib zstd
gcc version 11.3.0 (Ubuntu 11.3.0-1ubuntu1~22.04) 
... rest of stderr output deleted ...
configure:3686: $? = 0
configure:3675: gcc -V >&5
gcc: error: unrecognized command-line option '-V'
gcc: fatal error: no input files
compilation terminated.
configure:3686: $? = 1
configure:3675: gcc -qversion >&5
gcc: error: unrecognized command-line option '-qversion'; did you mean '--version'?
gcc: fatal error: no input files
compilation terminated.
configure:3686: $? = 1
configure:3675: gcc -version >&5
gcc: error: unrecognized command-line option '-version'
gcc: fatal error: no input files
compilation terminated.
configure:3686: $? = 1
configure:3706: checking whether the C compiler works
configure:3728: gcc    conftest.c  >&5
configure:3732: $? = 0
configure:3782: result: yes
configure:3785: checking for C compiler default output file name
configure:3787: result: a.out
configure:3793: checking for suffix of executables
configure:3800: gcc -o conftest    conftest.c  >&5
configure:3804: $? = 0
configure:3827: result: 
configure:3849: checking whether we are cross compiling
configure:3857: gcc -o conftest    conftest.c  >&5
configure:3861: $? = 0
configure:3868: ./conftest
configure:3872: $? = 0
configure:3887: result: no
configure:3892: checking for suffix of object files
configure:3915: gcc -c   conftest.c >&5
configure:3919: $? = 0
configure:3941: result: o
configure:3945: checking whether the compiler supports GNU C
configure:3965: gcc -c   conftest.c >&5
configure:3965: $? = 0
configure:3975: result: yes
configure:3986: checking whether gcc accepts -g
configure:4007: gcc -c -g  conftest.c >&5
configure:4007: $? = 0
configure:4051: result: yes
configure:4071: checking for gcc option to enable C11 features
configure:4086: gcc  -c -g -O2  conftest.c >&5
configure:4086: $? = 0
configure:4104: result: none needed
configure:4220: checking whether gcc understands -c and -o together
configure:4243: gcc -c conftest.c -o conftest2.o
configure:4246: $? = 0
configure:4243: gcc -c conftest.c -o conftest2.o
configure:4246: $? = 0
configure:4258: result: yes
configure:4278: checking whether make supports the include directive
configure:4293: make -f confmf.GNU && cat confinc.out
this is the am__doit target
configure:4296: $? = 0
configure:4315: result: yes (GNU style)
configure:4341: checking dependency style of gcc
configure:4453: result: gcc3
configure:4517: checking for ranlib
configure:4538: found /usr/bin/ranlib
configure:4549: result: ranlib
configure:4627: checking for ar
configure:4648: found /usr/bin/ar
configure:4659: result: ar
configure:4685: checking the archiver (ar) interface
configure:4702: gcc -c -g -O2  conftest.c >&5
configure:4702: $? = 0
configure:4705: ar cru libconftest.a conftest.o >&5
ar: `u' modifier ignored since `D' is the default (see `U')
configure:4708: $? = 0
configure:4736: result: ar
configure:4821: checking for pkg-config
configure:4844: found /usr/bin/pkg-config
configure:4856: result: /usr/bin/pkg-config
configure:4881: checking pkg-config is at least version 0.9.0
configure:4884: result: yes
configure:4894: checking for libpng
configure:4901: $PKG_CONFIG --exists --print-errors "libpng"
configure:4904: $? = 0
configure:4918: $PKG_CONFIG --exists --print-errors "libpng"
configure:4921: $? = 0
configure:4979: result: yes
configure:4985: checking for glib-2.0
configure:4992: $PKG_CONFIG --exists --print-errors "glib-2.0"
configure:4995: $? = 0
configure:5009: $PKG_CONFIG --exists --print-errors "glib-2.0"
configure:5012: $? = 0
configure:5070: result: yes
configure:5076: checking for poppler
configure:5083: $PKG_CONFIG --exists --print-errors "poppler"
configure:5086: $? = 0
configure:5100: $PKG_CONFIG --exists --print-errors "poppler"
configure:5103: $? = 0
configure:5161: result: yes
configure:5167: checking for poppler-glib >= 0.16.0
configure:5174: $PKG_CONFIG --exists --print-errors "poppler-glib >= 0.16.0"
configure:5177: $? = 0
configure:5191: $PKG_CONFIG --exists --print-errors "poppler-glib >= 0.16.0"
configure:5194: $? = 0
configure:5252: result: yes
configure:5257: $PKG_CONFIG --exists --print-errors "poppler-glib >= 0.19.4"
configure:5260: $? = 0
configure:5265: $PKG_CONFIG --exists --print-errors "poppler-glib >= 0.22"
configure:5268: $? = 0
configure:5273: $PKG_CONFIG --exists --print-errors "poppler-glib >= 0.26"
configure:5276: $? = 0
configure:5282: checking for zlib
configure:5289: $PKG_CONFIG --exists --print-errors "zlib"
configure:5292: $? = 0
configure:5306: $PKG_CONFIG --exists --print-errors "zlib"
configure:5309: $? = 0
configure:5367: result: yes
configure:5387: gcc -c -g -O2  conftest.c >&5
conftest.c:13:13: error: expected ';' before 'int'
   13 |        error
      |             ^
      |             ;
......
   16 | int
      | ~~~          
configure:5387: $? = 1
configure: failed program was:
| /* confdefs.h */
| #define PACKAGE_NAME "epdfinfo"
| #define PACKAGE_TARNAME "epdfinfo"
| #define PACKAGE_VERSION "1.0"
| #define PACKAGE_STRING "epdfinfo 1.0"
| #define PACKAGE_BUGREPORT "politza@fh-trier.de"
| #define PACKAGE_URL ""
| #define PACKAGE "epdfinfo"
| #define VERSION "1.0"
| /* end confdefs.h.  */
| 
|      #ifndef _WIN32
|        error
|      #endif
| 
| int
| main (void)
| {
| 
|   ;
|   return 0;
| }
configure:5435: checking build system type
configure:5450: result: x86_64-pc-linux-gnu
configure:5470: checking host system type
configure:5484: result: x86_64-pc-linux-gnu
configure:5509: checking for stdio.h
configure:5509: gcc -c -g -O2  conftest.c >&5
configure:5509: $? = 0
configure:5509: result: yes
configure:5509: checking for stdlib.h
configure:5509: gcc -c -g -O2  conftest.c >&5
configure:5509: $? = 0
configure:5509: result: yes
configure:5509: checking for string.h
configure:5509: gcc -c -g -O2  conftest.c >&5
configure:5509: $? = 0
configure:5509: result: yes
configure:5509: checking for inttypes.h
configure:5509: gcc -c -g -O2  conftest.c >&5
configure:5509: $? = 0
configure:5509: result: yes
configure:5509: checking for stdint.h
configure:5509: gcc -c -g -O2  conftest.c >&5
configure:5509: $? = 0
configure:5509: result: yes
configure:5509: checking for strings.h
configure:5509: gcc -c -g -O2  conftest.c >&5
configure:5509: $? = 0
configure:5509: result: yes
configure:5509: checking for sys/stat.h
configure:5509: gcc -c -g -O2  conftest.c >&5
configure:5509: $? = 0
configure:5509: result: yes
configure:5509: checking for sys/types.h
configure:5509: gcc -c -g -O2  conftest.c >&5
configure:5509: $? = 0
configure:5509: result: yes
configure:5509: checking for unistd.h
configure:5509: gcc -c -g -O2  conftest.c >&5
configure:5509: $? = 0
configure:5509: result: yes
configure:5534: checking for stdlib.h
configure:5534: result: yes
configure:5540: checking for string.h
configure:5540: result: yes
configure:5546: checking for strings.h
configure:5546: result: yes
configure:5552: checking for err.h
configure:5552: gcc -c -g -O2  conftest.c >&5
configure:5552: $? = 0
configure:5552: result: yes
configure:5560: checking for error.h
configure:5583: gcc -c -I/usr/include/poppler -I/usr/include/poppler/glib -I/usr/include/poppler -I/usr/include/cairo -I/usr/include/glib-2.0 -I/usr/lib/x86_64-linux-gnu/glib-2.0/include -I/usr/include/pixman-1 -I/usr/include/uuid -I/usr/include/freetype2 -I/usr/include/libpng16  conftest.c >&5
conftest.c: In function 'main':
conftest.c:34:14: warning: zero-length gnu_printf format string [-Wformat-zero-length]
   34 | error (0, 0, "");
      |              ^~
configure:5583: $? = 0
configure:5588: result: yes
configure:5604: checking for size_t
configure:5604: gcc -c -g -O2  conftest.c >&5
configure:5604: $? = 0
configure:5604: gcc -c -g -O2  conftest.c >&5
conftest.c: In function 'main':
conftest.c:60:21: error: expected expression before ')' token
   60 | if (sizeof ((size_t)))
      |                     ^
configure:5604: $? = 1
configure: failed program was:
| /* confdefs.h */
| #define PACKAGE_NAME "epdfinfo"
| #define PACKAGE_TARNAME "epdfinfo"
| #define PACKAGE_VERSION "1.0"
| #define PACKAGE_STRING "epdfinfo 1.0"
| #define PACKAGE_BUGREPORT "politza@fh-trier.de"
| #define PACKAGE_URL ""
| #define PACKAGE "epdfinfo"
| #define VERSION "1.0"
| #define HAVE_POPPLER_FIND_OPTS 1
| #define HAVE_POPPLER_ANNOT_WRITE 1
| #define HAVE_POPPLER_ANNOT_MARKUP 1
| #define HAVE_STDIO_H 1
| #define HAVE_STDLIB_H 1
| #define HAVE_STRING_H 1
| #define HAVE_INTTYPES_H 1
| #define HAVE_STDINT_H 1
| #define HAVE_STRINGS_H 1
| #define HAVE_SYS_STAT_H 1
| #define HAVE_SYS_TYPES_H 1
| #define HAVE_UNISTD_H 1
| #define STDC_HEADERS 1
| #define HAVE_STDLIB_H 1
| #define HAVE_STRING_H 1
| #define HAVE_STRINGS_H 1
| #define HAVE_ERR_H 1
| #define HAVE_ERROR_H 1
| /* end confdefs.h.  */
| #include <stddef.h>
| #ifdef HAVE_STDIO_H
| # include <stdio.h>
| #endif
| #ifdef HAVE_STDLIB_H
| # include <stdlib.h>
| #endif
| #ifdef HAVE_STRING_H
| # include <string.h>
| #endif
| #ifdef HAVE_INTTYPES_H
| # include <inttypes.h>
| #endif
| #ifdef HAVE_STDINT_H
| # include <stdint.h>
| #endif
| #ifdef HAVE_STRINGS_H
| # include <strings.h>
| #endif
| #ifdef HAVE_SYS_TYPES_H
| # include <sys/types.h>
| #endif
| #ifdef HAVE_SYS_STAT_H
| # include <sys/stat.h>
| #endif
| #ifdef HAVE_UNISTD_H
| # include <unistd.h>
| #endif
| int
| main (void)
| {
| if (sizeof ((size_t)))
| 	    return 0;
|   ;
|   return 0;
| }
configure:5604: result: yes
configure:5614: checking for ssize_t
configure:5614: gcc -c -g -O2  conftest.c >&5
configure:5614: $? = 0
configure:5614: gcc -c -g -O2  conftest.c >&5
conftest.c: In function 'main':
conftest.c:60:22: error: expected expression before ')' token
   60 | if (sizeof ((ssize_t)))
      |                      ^
configure:5614: $? = 1
configure: failed program was:
| /* confdefs.h */
| #define PACKAGE_NAME "epdfinfo"
| #define PACKAGE_TARNAME "epdfinfo"
| #define PACKAGE_VERSION "1.0"
| #define PACKAGE_STRING "epdfinfo 1.0"
| #define PACKAGE_BUGREPORT "politza@fh-trier.de"
| #define PACKAGE_URL ""
| #define PACKAGE "epdfinfo"
| #define VERSION "1.0"
| #define HAVE_POPPLER_FIND_OPTS 1
| #define HAVE_POPPLER_ANNOT_WRITE 1
| #define HAVE_POPPLER_ANNOT_MARKUP 1
| #define HAVE_STDIO_H 1
| #define HAVE_STDLIB_H 1
| #define HAVE_STRING_H 1
| #define HAVE_INTTYPES_H 1
| #define HAVE_STDINT_H 1
| #define HAVE_STRINGS_H 1
| #define HAVE_SYS_STAT_H 1
| #define HAVE_SYS_TYPES_H 1
| #define HAVE_UNISTD_H 1
| #define STDC_HEADERS 1
| #define HAVE_STDLIB_H 1
| #define HAVE_STRING_H 1
| #define HAVE_STRINGS_H 1
| #define HAVE_ERR_H 1
| #define HAVE_ERROR_H 1
| /* end confdefs.h.  */
| #include <stddef.h>
| #ifdef HAVE_STDIO_H
| # include <stdio.h>
| #endif
| #ifdef HAVE_STDLIB_H
| # include <stdlib.h>
| #endif
| #ifdef HAVE_STRING_H
| # include <string.h>
| #endif
| #ifdef HAVE_INTTYPES_H
| # include <inttypes.h>
| #endif
| #ifdef HAVE_STDINT_H
| # include <stdint.h>
| #endif
| #ifdef HAVE_STRINGS_H
| # include <strings.h>
| #endif
| #ifdef HAVE_SYS_TYPES_H
| # include <sys/types.h>
| #endif
| #ifdef HAVE_SYS_STAT_H
| # include <sys/stat.h>
| #endif
| #ifdef HAVE_UNISTD_H
| # include <unistd.h>
| #endif
| int
| main (void)
| {
| if (sizeof ((ssize_t)))
| 	    return 0;
|   ;
|   return 0;
| }
configure:5614: result: yes
configure:5624: checking for ptrdiff_t
configure:5624: gcc -c -g -O2  conftest.c >&5
configure:5624: $? = 0
configure:5624: gcc -c -g -O2  conftest.c >&5
conftest.c: In function 'main':
conftest.c:60:24: error: expected expression before ')' token
   60 | if (sizeof ((ptrdiff_t)))
      |                        ^
configure:5624: $? = 1
configure: failed program was:
| /* confdefs.h */
| #define PACKAGE_NAME "epdfinfo"
| #define PACKAGE_TARNAME "epdfinfo"
| #define PACKAGE_VERSION "1.0"
| #define PACKAGE_STRING "epdfinfo 1.0"
| #define PACKAGE_BUGREPORT "politza@fh-trier.de"
| #define PACKAGE_URL ""
| #define PACKAGE "epdfinfo"
| #define VERSION "1.0"
| #define HAVE_POPPLER_FIND_OPTS 1
| #define HAVE_POPPLER_ANNOT_WRITE 1
| #define HAVE_POPPLER_ANNOT_MARKUP 1
| #define HAVE_STDIO_H 1
| #define HAVE_STDLIB_H 1
| #define HAVE_STRING_H 1
| #define HAVE_INTTYPES_H 1
| #define HAVE_STDINT_H 1
| #define HAVE_STRINGS_H 1
| #define HAVE_SYS_STAT_H 1
| #define HAVE_SYS_TYPES_H 1
| #define HAVE_UNISTD_H 1
| #define STDC_HEADERS 1
| #define HAVE_STDLIB_H 1
| #define HAVE_STRING_H 1
| #define HAVE_STRINGS_H 1
| #define HAVE_ERR_H 1
| #define HAVE_ERROR_H 1
| /* end confdefs.h.  */
| #include <stddef.h>
| #ifdef HAVE_STDIO_H
| # include <stdio.h>
| #endif
| #ifdef HAVE_STDLIB_H
| # include <stdlib.h>
| #endif
| #ifdef HAVE_STRING_H
| # include <string.h>
| #endif
| #ifdef HAVE_INTTYPES_H
| # include <inttypes.h>
| #endif
| #ifdef HAVE_STDINT_H
| # include <stdint.h>
| #endif
| #ifdef HAVE_STRINGS_H
| # include <strings.h>
| #endif
| #ifdef HAVE_SYS_TYPES_H
| # include <sys/types.h>
| #endif
| #ifdef HAVE_SYS_STAT_H
| # include <sys/stat.h>
| #endif
| #ifdef HAVE_UNISTD_H
| # include <unistd.h>
| #endif
| int
| main (void)
| {
| if (sizeof ((ptrdiff_t)))
| 	    return 0;
|   ;
|   return 0;
| }
configure:5624: result: yes
configure:5633: checking whether byte ordering is bigendian
configure:5649: gcc -c -g -O2  conftest.c >&5
conftest.c:31:16: error: unknown type name 'not'
   31 |                not a universal capable compiler
      |                ^~~
conftest.c:31:22: error: expected '=', ',', ';', 'asm' or '__attribute__' before 'universal'
   31 |                not a universal capable compiler
      |                      ^~~~~~~~~
conftest.c:31:22: error: unknown type name 'universal'
configure:5649: $? = 1
configure: failed program was:
| /* confdefs.h */
| #define PACKAGE_NAME "epdfinfo"
| #define PACKAGE_TARNAME "epdfinfo"
| #define PACKAGE_VERSION "1.0"
| #define PACKAGE_STRING "epdfinfo 1.0"
| #define PACKAGE_BUGREPORT "politza@fh-trier.de"
| #define PACKAGE_URL ""
| #define PACKAGE "epdfinfo"
| #define VERSION "1.0"
| #define HAVE_POPPLER_FIND_OPTS 1
| #define HAVE_POPPLER_ANNOT_WRITE 1
| #define HAVE_POPPLER_ANNOT_MARKUP 1
| #define HAVE_STDIO_H 1
| #define HAVE_STDLIB_H 1
| #define HAVE_STRING_H 1
| #define HAVE_INTTYPES_H 1
| #define HAVE_STDINT_H 1
| #define HAVE_STRINGS_H 1
| #define HAVE_SYS_STAT_H 1
| #define HAVE_SYS_TYPES_H 1
| #define HAVE_UNISTD_H 1
| #define STDC_HEADERS 1
| #define HAVE_STDLIB_H 1
| #define HAVE_STRING_H 1
| #define HAVE_STRINGS_H 1
| #define HAVE_ERR_H 1
| #define HAVE_ERROR_H 1
| #define HAVE_PTRDIFF_T 1
| /* end confdefs.h.  */
| #ifndef __APPLE_CC__
| 	       not a universal capable compiler
| 	     #endif
| 	     typedef int dummy;
| 
configure:5695: gcc -c -g -O2  conftest.c >&5
configure:5695: $? = 0
configure:5714: gcc -c -g -O2  conftest.c >&5
conftest.c: In function 'main':
conftest.c:37:18: error: unknown type name 'not'; did you mean 'ino_t'?
   37 |                  not big endian
      |                  ^~~
      |                  ino_t
conftest.c:37:26: error: expected '=', ',', ';', 'asm' or '__attribute__' before 'endian'
   37 |                  not big endian
      |                          ^~~~~~
configure:5714: $? = 1
configure: failed program was:
| /* confdefs.h */
| #define PACKAGE_NAME "epdfinfo"
| #define PACKAGE_TARNAME "epdfinfo"
| #define PACKAGE_VERSION "1.0"
| #define PACKAGE_STRING "epdfinfo 1.0"
| #define PACKAGE_BUGREPORT "politza@fh-trier.de"
| #define PACKAGE_URL ""
| #define PACKAGE "epdfinfo"
| #define VERSION "1.0"
| #define HAVE_POPPLER_FIND_OPTS 1
| #define HAVE_POPPLER_ANNOT_WRITE 1
| #define HAVE_POPPLER_ANNOT_MARKUP 1
| #define HAVE_STDIO_H 1
| #define HAVE_STDLIB_H 1
| #define HAVE_STRING_H 1
| #define HAVE_INTTYPES_H 1
| #define HAVE_STDINT_H 1
| #define HAVE_STRINGS_H 1
| #define HAVE_SYS_STAT_H 1
| #define HAVE_SYS_TYPES_H 1
| #define HAVE_UNISTD_H 1
| #define STDC_HEADERS 1
| #define HAVE_STDLIB_H 1
| #define HAVE_STRING_H 1
| #define HAVE_STRINGS_H 1
| #define HAVE_ERR_H 1
| #define HAVE_ERROR_H 1
| #define HAVE_PTRDIFF_T 1
| /* end confdefs.h.  */
| #include <sys/types.h>
| 		#include <sys/param.h>
| 
| int
| main (void)
| {
| #if BYTE_ORDER != BIG_ENDIAN
| 		 not big endian
| 		#endif
| 
|   ;
|   return 0;
| }
configure:5848: result: no
configure:5868: checking for error_at_line
configure:5885: gcc -o conftest -g -O2   conftest.c  >&5
configure:5885: $? = 0
configure:5894: result: yes
configure:5905: checking for working strtod
configure:5948: gcc -o conftest -g -O2   conftest.c  >&5
configure:5948: $? = 0
configure:5948: ./conftest
configure:5948: $? = 0
configure:5959: result: yes
configure:6022: checking for strcspn
configure:6022: gcc -o conftest -g -O2   conftest.c  >&5
conftest.c:46:6: warning: conflicting types for built-in function 'strcspn'; expected 'long unsigned int(const char *, const char *)' [-Wbuiltin-declaration-mismatch]
   46 | char strcspn ();
      |      ^~~~~~~
conftest.c:38:1: note: 'strcspn' is declared in header '<string.h>'
   37 | #include <limits.h>
   38 | #undef strcspn
configure:6022: $? = 0
configure:6022: result: yes
configure:6028: checking for strtol
configure:6028: gcc -o conftest -g -O2   conftest.c  >&5
configure:6028: $? = 0
configure:6028: result: yes
configure:6034: checking for getline
configure:6034: gcc -o conftest -g -O2   conftest.c  >&5
configure:6034: $? = 0
configure:6034: result: yes
configure:6145: checking that generated files are newer than configure
configure:6151: result: done
configure:6179: creating ./config.status

## ---------------------- ##
## Running config.status. ##
## ---------------------- ##

This file was extended by epdfinfo config.status 1.0, which was
generated by GNU Autoconf 2.71.  Invocation command line was

  CONFIG_FILES    = 
  CONFIG_HEADERS  = 
  CONFIG_LINKS    = 
  CONFIG_COMMANDS = 
  $ ./config.status --quiet

on luis-ThinkPad-P40-Yoga

config.status:886: creating Makefile
config.status:886: creating config.h
config.status:1115: executing depfiles commands
config.status:1192: cd .       && sed -e '/# am--include-marker/d' Makefile         | make -f - am--depfiles
config.status:1197: $? = 0

## ---------------- ##
## Cache variables. ##
## ---------------- ##

ac_cv_build=x86_64-pc-linux-gnu
ac_cv_c_bigendian=no
ac_cv_c_compiler_gnu=yes
ac_cv_env_CC_set=
ac_cv_env_CC_value=
ac_cv_env_CFLAGS_set=
ac_cv_env_CFLAGS_value=
ac_cv_env_CPPFLAGS_set=
ac_cv_env_CPPFLAGS_value=
ac_cv_env_LDFLAGS_set=
ac_cv_env_LDFLAGS_value=
ac_cv_env_LIBS_set=
ac_cv_env_LIBS_value=
ac_cv_env_PKG_CONFIG_LIBDIR_set=
ac_cv_env_PKG_CONFIG_LIBDIR_value=
ac_cv_env_PKG_CONFIG_PATH_set=
ac_cv_env_PKG_CONFIG_PATH_value=
ac_cv_env_PKG_CONFIG_set=
ac_cv_env_PKG_CONFIG_value=
ac_cv_env_build_alias_set=
ac_cv_env_build_alias_value=
ac_cv_env_glib_CFLAGS_set=
ac_cv_env_glib_CFLAGS_value=
ac_cv_env_glib_LIBS_set=
ac_cv_env_glib_LIBS_value=
ac_cv_env_host_alias_set=
ac_cv_env_host_alias_value=
ac_cv_env_png_CFLAGS_set=
ac_cv_env_png_CFLAGS_value=
ac_cv_env_png_LIBS_set=
ac_cv_env_png_LIBS_value=
ac_cv_env_poppler_CFLAGS_set=
ac_cv_env_poppler_CFLAGS_value=
ac_cv_env_poppler_LIBS_set=
ac_cv_env_poppler_LIBS_value=
ac_cv_env_poppler_glib_CFLAGS_set=
ac_cv_env_poppler_glib_CFLAGS_value=
ac_cv_env_poppler_glib_LIBS_set=
ac_cv_env_poppler_glib_LIBS_value=
ac_cv_env_target_alias_set=
ac_cv_env_target_alias_value=
ac_cv_env_zlib_CFLAGS_set=
ac_cv_env_zlib_CFLAGS_value=
ac_cv_env_zlib_LIBS_set=
ac_cv_env_zlib_LIBS_value=
ac_cv_func_getline=yes
ac_cv_func_strcspn=yes
ac_cv_func_strtod=yes
ac_cv_func_strtol=yes
ac_cv_header_err_h=yes
ac_cv_header_inttypes_h=yes
ac_cv_header_stdint_h=yes
ac_cv_header_stdio_h=yes
ac_cv_header_stdlib_h=yes
ac_cv_header_string_h=yes
ac_cv_header_strings_h=yes
ac_cv_header_sys_stat_h=yes
ac_cv_header_sys_types_h=yes
ac_cv_header_unistd_h=yes
ac_cv_host=x86_64-pc-linux-gnu
ac_cv_lib_error_at_line=yes
ac_cv_objext=o
ac_cv_path_ac_pt_PKG_CONFIG=/usr/bin/pkg-config
ac_cv_path_install='/usr/bin/install -c'
ac_cv_path_mkdir=/usr/bin/mkdir
ac_cv_prog_AWK=gawk
ac_cv_prog_ac_ct_AR=ar
ac_cv_prog_ac_ct_CC=gcc
ac_cv_prog_ac_ct_RANLIB=ranlib
ac_cv_prog_cc_c11=
ac_cv_prog_cc_g=yes
ac_cv_prog_cc_stdc=
ac_cv_prog_make_make_set=yes
ac_cv_type_ptrdiff_t=yes
ac_cv_type_size_t=yes
ac_cv_type_ssize_t=yes
am_cv_CC_dependencies_compiler_type=gcc3
am_cv_ar_interface=ar
am_cv_make_support_nested_variables=yes
am_cv_prog_cc_c_o=yes
pkg_cv_glib_CFLAGS='-I/usr/include/glib-2.0 -I/usr/lib/x86_64-linux-gnu/glib-2.0/include'
pkg_cv_glib_LIBS=-lglib-2.0
pkg_cv_png_CFLAGS=-I/usr/include/libpng16
pkg_cv_png_LIBS='-lpng16 -lz'
pkg_cv_poppler_CFLAGS=-I/usr/include/poppler
pkg_cv_poppler_LIBS=-lpoppler
pkg_cv_poppler_glib_CFLAGS='-I/usr/include/poppler/glib -I/usr/include/poppler -I/usr/include/cairo -I/usr/include/glib-2.0 -I/usr/lib/x86_64-linux-gnu/glib-2.0/include -I/usr/include/pixman-1 -I/usr/include/uuid -I/usr/include/freetype2 -I/usr/include/libpng16'
pkg_cv_poppler_glib_LIBS='-lpoppler-glib -lgobject-2.0 -lglib-2.0 -lcairo'
pkg_cv_zlib_CFLAGS=
pkg_cv_zlib_LIBS=-lz

## ----------------- ##
## Output variables. ##
## ----------------- ##

ACLOCAL='${SHELL} '\''/home/luis/.emacs.d/straight/build/pdf-tools/build/server/missing'\'' aclocal-1.16'
AMDEPBACKSLASH='\'
AMDEP_FALSE='#'
AMDEP_TRUE=''
AMTAR='$${TAR-tar}'
AM_BACKSLASH='\'
AM_DEFAULT_V='$(AM_DEFAULT_VERBOSITY)'
AM_DEFAULT_VERBOSITY='1'
AM_V='$(V)'
AR='ar'
AUTOCONF='${SHELL} '\''/home/luis/.emacs.d/straight/build/pdf-tools/build/server/missing'\'' autoconf'
AUTOHEADER='${SHELL} '\''/home/luis/.emacs.d/straight/build/pdf-tools/build/server/missing'\'' autoheader'
AUTOMAKE='${SHELL} '\''/home/luis/.emacs.d/straight/build/pdf-tools/build/server/missing'\'' automake-1.16'
AWK='gawk'
CC='gcc'
CCDEPMODE='depmode=gcc3'
CFLAGS='-g -O2'
CPPFLAGS=''
CSCOPE='cscope'
CTAGS='ctags'
CYGPATH_W='echo'
DEFS='-DHAVE_CONFIG_H'
DEPDIR='.deps'
ECHO_C=''
ECHO_N='-n'
ECHO_T=''
ETAGS='etags'
EXEEXT=''
HAVE_W32_FALSE=''
HAVE_W32_TRUE='#'
INSTALL_DATA='${INSTALL} -m 644'
INSTALL_PROGRAM='${INSTALL}'
INSTALL_SCRIPT='${INSTALL}'
INSTALL_STRIP_PROGRAM='$(install_sh) -c -s'
LDFLAGS=''
LIBOBJS=''
LIBS=''
LTLIBOBJS=''
MAKEINFO='${SHELL} '\''/home/luis/.emacs.d/straight/build/pdf-tools/build/server/missing'\'' makeinfo'
MKDIR_P='/usr/bin/mkdir -p'
OBJEXT='o'
PACKAGE='epdfinfo'
PACKAGE_BUGREPORT='politza@fh-trier.de'
PACKAGE_NAME='epdfinfo'
PACKAGE_STRING='epdfinfo 1.0'
PACKAGE_TARNAME='epdfinfo'
PACKAGE_URL=''
PACKAGE_VERSION='1.0'
PATH_SEPARATOR=':'
PKG_CONFIG='/usr/bin/pkg-config'
PKG_CONFIG_LIBDIR=''
PKG_CONFIG_PATH=''
POW_LIB=''
RANLIB='ranlib'
SET_MAKE=''
SHELL='/bin/bash'
STRIP=''
VERSION='1.0'
ac_ct_AR='ar'
ac_ct_CC='gcc'
am__EXEEXT_FALSE=''
am__EXEEXT_TRUE='#'
am__fastdepCC_FALSE='#'
am__fastdepCC_TRUE=''
am__include='include'
am__isrc=''
am__leading_dot='.'
am__nodep='_no'
am__quote=''
am__tar='$${TAR-tar} chof - "$$tardir"'
am__untar='$${TAR-tar} xf -'
bindir='/home/luis/.emacs.d/straight/build/pdf-tools'
build='x86_64-pc-linux-gnu'
build_alias=''
build_cpu='x86_64'
build_os='linux-gnu'
build_vendor='pc'
datadir='${datarootdir}'
datarootdir='${prefix}/share'
docdir='${datarootdir}/doc/${PACKAGE_TARNAME}'
dvidir='${docdir}'
exec_prefix='${prefix}'
glib_CFLAGS='-I/usr/include/glib-2.0 -I/usr/lib/x86_64-linux-gnu/glib-2.0/include'
glib_LIBS='-lglib-2.0'
host='x86_64-pc-linux-gnu'
host_alias=''
host_cpu='x86_64'
host_os='linux-gnu'
host_vendor='pc'
htmldir='${docdir}'
includedir='${prefix}/include'
infodir='${datarootdir}/info'
install_sh='${SHELL} /home/luis/.emacs.d/straight/build/pdf-tools/build/server/install-sh'
libdir='${exec_prefix}/lib'
libexecdir='${exec_prefix}/libexec'
localedir='${datarootdir}/locale'
localstatedir='${prefix}/var'
mandir='${datarootdir}/man'
mkdir_p='$(MKDIR_P)'
oldincludedir='/usr/include'
pdfdir='${docdir}'
png_CFLAGS='-I/usr/include/libpng16'
png_LIBS='-lpng16 -lz'
poppler_CFLAGS='-I/usr/include/poppler'
poppler_LIBS='-lpoppler'
poppler_glib_CFLAGS='-I/usr/include/poppler/glib -I/usr/include/poppler -I/usr/include/cairo -I/usr/include/glib-2.0 -I/usr/lib/x86_64-linux-gnu/glib-2.0/include -I/usr/include/pixman-1 -I/usr/include/uuid -I/usr/include/freetype2 -I/usr/include/libpng16'
poppler_glib_LIBS='-lpoppler-glib -lgobject-2.0 -lglib-2.0 -lcairo'
prefix='/usr/local'
program_transform_name='s,x,x,'
psdir='${docdir}'
runstatedir='${localstatedir}/run'
sbindir='${exec_prefix}/sbin'
sharedstatedir='${prefix}/com'
sysconfdir='${prefix}/etc'
target_alias=''
zlib_CFLAGS=''
zlib_LIBS='-lz'

## ----------- ##
## confdefs.h. ##
## ----------- ##

/* confdefs.h */
#define PACKAGE_NAME "epdfinfo"
#define PACKAGE_TARNAME "epdfinfo"
#define PACKAGE_VERSION "1.0"
#define PACKAGE_STRING "epdfinfo 1.0"
#define PACKAGE_BUGREPORT "politza@fh-trier.de"
#define PACKAGE_URL ""
#define PACKAGE "epdfinfo"
#define VERSION "1.0"
#define HAVE_POPPLER_FIND_OPTS 1
#define HAVE_POPPLER_ANNOT_WRITE 1
#define HAVE_POPPLER_ANNOT_MARKUP 1
#define HAVE_STDIO_H 1
#define HAVE_STDLIB_H 1
#define HAVE_STRING_H 1
#define HAVE_INTTYPES_H 1
#define HAVE_STDINT_H 1
#define HAVE_STRINGS_H 1
#define HAVE_SYS_STAT_H 1
#define HAVE_SYS_TYPES_H 1
#define HAVE_UNISTD_H 1
#define STDC_HEADERS 1
#define HAVE_STDLIB_H 1
#define HAVE_STRING_H 1
#define HAVE_STRINGS_H 1
#define HAVE_ERR_H 1
#define HAVE_ERROR_H 1
#define HAVE_PTRDIFF_T 1
#define HAVE_STRCSPN 1
#define HAVE_STRTOL 1
#define HAVE_GETLINE 1

configure: exit 0
